#
# There is insufficient memory for the Java Runtime Environment to continue.
# Native memory allocation (mmap) failed to map 67108864 bytes for G1 virtual space
# Possible reasons:
#   The system is out of physical RAM or swap space
#   The process is running with CompressedOops enabled, and the Java Heap may be blocking the growth of the native heap
# Possible solutions:
#   Reduce memory load on the system
#   Increase physical memory or swap space
#   Check if swap backing store is full
#   Decrease Java heap size (-Xmx/-Xms)
#   Decrease number of Java threads
#   Decrease Java thread stack sizes (-Xss)
#   Set larger code cache with -XX:ReservedCodeCacheSize=
#   JVM is running with Unscaled Compressed Oops mode in which the Java heap is
#     placed in the first 4GB address space. The Java Heap base address is the
#     maximum limit for the native heap growth. Please use -XX:HeapBaseMinAddress
#     to set the Java Heap base and to place the Java Heap above 4GB virtual address.
# This output file may be truncated or incomplete.
#
#  Out of Memory Error (os_windows.cpp:3530), pid=16540, tid=21656
#
# JRE version:  (18.0.1.1+2) (build )
# Java VM: Java HotSpot(TM) 64-Bit Server VM (18.0.1.1+2-6, mixed mode, sharing, tiered, compressed oops, compressed class ptrs, g1 gc, windows-amd64)
# No core dump will be written. Minidumps are not enabled by default on client versions of Windows
#

---------------  S U M M A R Y ------------

Command Line: -Dfile.encoding=UTF-8 --module-path=E:\netbeans java projects\Hotel Management System\build\classes hotel.management.system.AddDrivers

Host: Intel(R) Core(TM) i5-8250U CPU @ 1.60GHz, 8 cores, 3G,  Windows 11 , 64 bit Build 22621 (10.0.22621.1344)
Time: Sat Mar 25 14:58:38 2023 India Standard Time elapsed time: 0.016838 seconds (0d 0h 0m 0s)

---------------  T H R E A D  ---------------

Current thread (0x000002493591ec00):  JavaThread "Unknown thread" [_thread_in_vm, id=21656, stack(0x0000005427000000,0x0000005427100000)]

Stack: [0x0000005427000000,0x0000005427100000]
Native frames: (J=compiled Java code, j=interpreted, Vv=VM code, C=native code)
V  [jvm.dll+0x69887a]
V  [jvm.dll+0x7f38bd]
V  [jvm.dll+0x7f51ce]
V  [jvm.dll+0x7f5883]
V  [jvm.dll+0x25ca3f]
V  [jvm.dll+0x6957c9]
V  [jvm.dll+0x68a2fa]
V  [jvm.dll+0x321efb]
V  [jvm.dll+0x3298d6]
V  [jvm.dll+0x37e47e]
V  [jvm.dll+0x37e6af]
V  [jvm.dll+0x2f9c7a]
V  [jvm.dll+0x2facdd]
V  [jvm.dll+0x7c24f0]
V  [jvm.dll+0x38b801]
V  [jvm.dll+0x7a1203]
V  [jvm.dll+0x40d6bf]
V  [jvm.dll+0x40f091]
C  [jli.dll+0x526b]
C  [ucrtbase.dll+0x29363]
C  [KERNEL32.DLL+0x126bd]
C  [ntdll.dll+0x5a9f8]


---------------  P R O C E S S  ---------------

Threads class SMR info:
_java_thread_list=0x00007ffc55b5d550, length=0, elements={
}

Java Threads: ( => current thread )

Other Threads:
  0x000002493595f600 WorkerThread "GC Thread#0" [stack: 0x0000005427100000,0x0000005427200000] [id=17680]
  0x0000024935968410 ConcurrentGCThread "G1 Main Marker" [stack: 0x0000005427200000,0x0000005427300000] [id=16648]
  0x0000024935969cb0 WorkerThread "G1 Conc#0" [stack: 0x0000005427300000,0x0000005427400000] [id=16072]

[error occurred during error reporting (printing all threads), id 0xc0000005, EXCEPTION_ACCESS_VIOLATION (0xc0000005) at pc=0x00007ffc5538a217]

VM state: not at safepoint (not fully initialized)

VM Mutex/Monitor currently owned by a thread:  ([mutex/lock_event])
[0x000002493591af10] Heap_lock - owner thread: 0x000002493591ec00

Heap address: 0x00000000c1400000, size: 1004 MB, Compressed Oops mode: 32-bit

CDS archive(s) mapped at: [0x0000000000000000-0x0000000000000000-0x0000000000000000), size 0, SharedBaseAddress: 0x0000000800000000, ArchiveRelocationMode: 0.
Narrow klass base: 0x0000000000000000, Narrow klass shift: 0, Narrow klass range: 0x0

GC Precious Log:
 CardTable entry size: 512
 Card Set container configuration: InlinePtr #cards 5 size 8 Array Of Cards #cards 12 size 40 Howl #buckets 4 coarsen threshold 1843 Howl Bitmap #cards 512 size 80 coarsen threshold 460 Card regions per heap region 1 cards per card region 2048

Heap:
 garbage-first heap   total 0K, used 0K [0x00000000c1400000, 0x0000000100000000)
  region size 1024K, 0 young (0K), 0 survivors (0K)

[error occurred during error reporting (printing heap information), id 0xc0000005, EXCEPTION_ACCESS_VIOLATION (0xc0000005) at pc=0x00007ffc55770cb9]

GC Heap History (0 events):
No events

Deoptimization events (0 events):
No events

Classes loaded (0 events):
No events

Classes unloaded (0 events):
No events

Classes redefined (0 events):
No events

Internal exceptions (0 events):
No events

VM Operations (0 events):
No events

Events (1 events):
Event: 0.010 Loaded shared library C:\Program Files\Java\jdk-18.0.1.1\bin\java.dll


Dynamic libraries:
0x00007ff7bb600000 - 0x00007ff7bb610000 	C:\Program Files\Java\jdk-18.0.1.1\bin\java.exe
0x00007ffce71f0000 - 0x00007ffce7404000 	C:\WINDOWS\SYSTEM32\ntdll.dll
0x00007ffce6340000 - 0x00007ffce6403000 	C:\WINDOWS\System32\KERNEL32.DLL
0x00007ffce4a50000 - 0x00007ffce4dec000 	C:\WINDOWS\System32\KERNELBASE.dll
0x00007ffce4eb0000 - 0x00007ffce4fc1000 	C:\WINDOWS\System32\ucrtbase.dll
0x00007ffca8ed0000 - 0x00007ffca8eea000 	C:\Program Files\Java\jdk-18.0.1.1\bin\VCRUNTIME140.dll
0x00007ffcd05c0000 - 0x00007ffcd05d8000 	C:\Program Files\Java\jdk-18.0.1.1\bin\jli.dll
0x00007ffce6210000 - 0x00007ffce62be000 	C:\WINDOWS\System32\ADVAPI32.dll
0x00007ffce5cc0000 - 0x00007ffce5d67000 	C:\WINDOWS\System32\msvcrt.dll
0x00007ffce58d0000 - 0x00007ffce5974000 	C:\WINDOWS\System32\sechost.dll
0x00007ffce5da0000 - 0x00007ffce5eb5000 	C:\WINDOWS\System32\RPCRT4.dll
0x00007ffce5990000 - 0x00007ffce5b3d000 	C:\WINDOWS\System32\USER32.dll
0x00007ffcc9db0000 - 0x00007ffcca03e000 	C:\WINDOWS\WinSxS\amd64_microsoft.windows.common-controls_6595b64144ccf1df_6.0.22621.608_none_a9444ca7c10bb01d\COMCTL32.dll
0x00007ffce4fd0000 - 0x00007ffce4ff6000 	C:\WINDOWS\System32\win32u.dll
0x00007ffce5d70000 - 0x00007ffce5d99000 	C:\WINDOWS\System32\GDI32.dll
0x00007ffce4930000 - 0x00007ffce4a43000 	C:\WINDOWS\System32\gdi32full.dll
0x00007ffce4890000 - 0x00007ffce492a000 	C:\WINDOWS\System32\msvcp_win.dll
0x00007ffcdace0000 - 0x00007ffcdacea000 	C:\WINDOWS\SYSTEM32\VERSION.dll
0x00007ffce5f10000 - 0x00007ffce5f41000 	C:\WINDOWS\System32\IMM32.DLL
0x00007ffcd04a0000 - 0x00007ffcd04ac000 	C:\Program Files\Java\jdk-18.0.1.1\bin\vcruntime140_1.dll
0x00007ffc9d710000 - 0x00007ffc9d79d000 	C:\Program Files\Java\jdk-18.0.1.1\bin\msvcp140.dll
0x00007ffc55080000 - 0x00007ffc55c90000 	C:\Program Files\Java\jdk-18.0.1.1\bin\server\jvm.dll
0x00007ffce5ba0000 - 0x00007ffce5ba8000 	C:\WINDOWS\System32\PSAPI.DLL
0x00007ffce2220000 - 0x00007ffce2229000 	C:\WINDOWS\SYSTEM32\WSOCK32.dll
0x00007ffcdbc50000 - 0x00007ffcdbc84000 	C:\WINDOWS\SYSTEM32\WINMM.dll
0x00007ffce5000000 - 0x00007ffce5071000 	C:\WINDOWS\System32\WS2_32.dll
0x00007ffce3640000 - 0x00007ffce3658000 	C:\WINDOWS\SYSTEM32\kernel.appcore.dll
0x00007ffcce570000 - 0x00007ffcce57a000 	C:\Program Files\Java\jdk-18.0.1.1\bin\jimage.dll
0x00007ffce1fa0000 - 0x00007ffce21ce000 	C:\WINDOWS\SYSTEM32\DBGHELP.DLL
0x00007ffce6e20000 - 0x00007ffce71a9000 	C:\WINDOWS\System32\combase.dll
0x00007ffce6ce0000 - 0x00007ffce6db7000 	C:\WINDOWS\System32\OLEAUT32.dll
0x00007ffcd1aa0000 - 0x00007ffcd1ad2000 	C:\WINDOWS\SYSTEM32\dbgcore.DLL
0x00007ffce4630000 - 0x00007ffce46ab000 	C:\WINDOWS\System32\bcryptPrimitives.dll
0x00007ffca8c30000 - 0x00007ffca8c55000 	C:\Program Files\Java\jdk-18.0.1.1\bin\java.dll

dbghelp: loaded successfully - version: 4.0.5 - missing functions: none
symbol engine: initialized successfully - sym options: 0x614 - pdb path: .;C:\Program Files\Java\jdk-18.0.1.1\bin;C:\WINDOWS\SYSTEM32;C:\WINDOWS\WinSxS\amd64_microsoft.windows.common-controls_6595b64144ccf1df_6.0.22621.608_none_a9444ca7c10bb01d;C:\Program Files\Java\jdk-18.0.1.1\bin\server

VM Arguments:
jvm_args: -Dfile.encoding=UTF-8 --module-path=E:\netbeans java projects\Hotel Management System\build\classes 
java_command: hotel.management.system.AddDrivers
java_class_path (initial): C:\Users\hp\Downloads;C:\Users\hp\Downloads\mysql-connector-java-8.0.28.jar;E:\netbeans java projects\Hotel Management System\build\classes
Launcher Type: SUN_STANDARD

[Global flags]
     intx CICompilerCount                          = 4                                         {product} {ergonomic}
     uint ConcGCThreads                            = 2                                         {product} {ergonomic}
     uint G1ConcRefinementThreads                  = 8                                         {product} {ergonomic}
   size_t G1HeapRegionSize                         = 1048576                                   {product} {ergonomic}
    uintx GCDrainStackTargetSize                   = 64                                        {product} {ergonomic}
   size_t InitialHeapSize                          = 67108864                                  {product} {ergonomic}
   size_t MarkStackSize                            = 4194304                                   {product} {ergonomic}
   size_t MaxHeapSize                              = 1052770304                                {product} {ergonomic}
   size_t MinHeapDeltaBytes                        = 1048576                                   {product} {ergonomic}
   size_t MinHeapSize                              = 8388608                                   {product} {ergonomic}
    uintx NonNMethodCodeHeapSize                   = 5839372                                {pd product} {ergonomic}
    uintx NonProfiledCodeHeapSize                  = 122909434                              {pd product} {ergonomic}
    uintx ProfiledCodeHeapSize                     = 122909434                              {pd product} {ergonomic}
    uintx ReservedCodeCacheSize                    = 251658240                              {pd product} {ergonomic}
     bool SegmentedCodeCache                       = true                                      {product} {ergonomic}
   size_t SoftMaxHeapSize                          = 1052770304                             {manageable} {ergonomic}
     bool UseCompressedClassPointers               = true                           {product lp64_product} {ergonomic}
     bool UseCompressedOops                        = true                           {product lp64_product} {ergonomic}
     bool UseG1GC                                  = true                                      {product} {ergonomic}
     bool UseLargePagesIndividualAllocation        = false                                  {pd product} {ergonomic}

Logging:
Log output configuration:
 #0: stdout all=warning uptime,level,tags foldmultilines=false
 #1: stderr all=off uptime,level,tags foldmultilines=false

Environment Variables:
JAVA_HOME=C:\Program Files\Java\jdk-18.0.1.1
PATH=E:\oracle\app\oracle\product\10.2.0\server\bin;C:\Program Files\Common Files\Oracle\Java\javapath;C:\WINDOWS\system32;C:\WINDOWS;C:\WINDOWS\System32\Wbem;C:\WINDOWS\System32\WindowsPowerShell\v1.0\;C:\WINDOWS\System32\OpenSSH\;C:\Program Files\Git\cmd;C:\Program Files\Java\jdk-18.0.1.1\bin;C:\Program Files\MATLAB\R2022a\runtime\win64;C:\Program Files\MATLAB\R2022a\bin;C:\Program Files\dotnet\;C:\Program Files\MySQL\MySQL Shell 8.0\bin\;C:\Users\hp\AppData\Local\Programs\Python\Python311\Scripts\;C:\Users\hp\AppData\Local\Programs\Python\Python311\;C:\Users\hp\AppData\Local\Microsoft\WindowsApps;C:\Users\hp\AppData\Local\Programs\Microsoft VS Code\bin;C:\msys64\mingw64\bin;C:\msys64\mingw32\bin;C:\src\flutter\flutter\bin;C:\Users\hp\AppData\Local\Programs\MiKTeX\miktex\bin\x64\;
USERNAME=hp
OS=Windows_NT
PROCESSOR_IDENTIFIER=Intel64 Family 6 Model 142 Stepping 10, GenuineIntel



---------------  S Y S T E M  ---------------

OS:
 Windows 11 , 64 bit Build 22621 (10.0.22621.1344)
OS uptime: 0 days 3:51 hours
Hyper-V role detected

CPU: total 8 (initial active 8) (4 cores per cpu, 2 threads per core) family 6 model 142 stepping 10 microcode 0xe0, cx8, cmov, fxsr, ht, mmx, 3dnowpref, sse, sse2, sse3, ssse3, sse4.1, sse4.2, popcnt, lzcnt, tsc, tscinvbit, avx, avx2, aes, erms, clmul, bmi1, bmi2, adx, fma, vzeroupper, clflush, clflushopt, hv

Memory: 4k page, system-wide physical 4012M (230M free)
TotalPageFile size 16300M (AvailPageFile size 30M)
current process WorkingSet (physical memory assigned to process): 11M, peak: 11M
current process commit charge ("private bytes"): 60M, peak: 124M

vm_info: Java HotSpot(TM) 64-Bit Server VM (18.0.1.1+2-6) for windows-amd64 JRE (18.0.1.1+2-6), built on Apr 25 2022 21:53:15 by "mach5one" with MS VC++ 16.8 / 16.9 (VS2019)

END.
